C:\USERS\USER\DESKTOP\DAREY\DOCUMENTS\UNILAG\300L\1ST\CPE 311_C++\MYFOLDER\3_FUNCTIONS\3_FUNCTIONS\DEBUG\MAIN.OBJ
C:\USERS\USER\DESKTOP\DAREY\DOCUMENTS\UNILAG\300L\1ST\CPE 311_C++\MYFOLDER\3_FUNCTIONS\3_FUNCTIONS\DEBUG\VC110.PDB
C:\USERS\USER\DESKTOP\DAREY\DOCUMENTS\UNILAG\300L\1ST\CPE 311_C++\MYFOLDER\3_FUNCTIONS\DEBUG\3_FUNCTIONS.ILK
C:\USERS\USER\DESKTOP\DAREY\DOCUMENTS\UNILAG\300L\1ST\CPE 311_C++\MYFOLDER\3_FUNCTIONS\DEBUG\3_FUNCTIONS.EXE
C:\USERS\USER\DESKTOP\DAREY\DOCUMENTS\UNILAG\300L\1ST\CPE 311_C++\MYFOLDER\3_FUNCTIONS\DEBUG\3_FUNCTIONS.PDB
C:\Users\USER\Desktop\DAREY\DOCUMENTS\UNILAG\300L\1ST\CPE 311_C++\myFolder\3_Functions\3_Functions\Debug\main.obj
C:\Users\USER\Desktop\DAREY\DOCUMENTS\UNILAG\300L\1ST\CPE 311_C++\myFolder\3_Functions\3_Functions\Debug\cl.command.1.tlog
C:\Users\USER\Desktop\DAREY\DOCUMENTS\UNILAG\300L\1ST\CPE 311_C++\myFolder\3_Functions\3_Functions\Debug\CL.read.1.tlog
C:\Users\USER\Desktop\DAREY\DOCUMENTS\UNILAG\300L\1ST\CPE 311_C++\myFolder\3_Functions\3_Functions\Debug\CL.write.1.tlog
C:\Users\USER\Desktop\DAREY\DOCUMENTS\UNILAG\300L\1ST\CPE 311_C++\myFolder\3_Functions\3_Functions\Debug\link-cvtres.read.1.tlog
C:\Users\USER\Desktop\DAREY\DOCUMENTS\UNILAG\300L\1ST\CPE 311_C++\myFolder\3_Functions\3_Functions\Debug\link-cvtres.write.1.tlog
C:\Users\USER\Desktop\DAREY\DOCUMENTS\UNILAG\300L\1ST\CPE 311_C++\myFolder\3_Functions\3_Functions\Debug\link-rc.read.1.tlog
C:\Users\USER\Desktop\DAREY\DOCUMENTS\UNILAG\300L\1ST\CPE 311_C++\myFolder\3_Functions\3_Functions\Debug\link-rc.write.1.tlog
C:\Users\USER\Desktop\DAREY\DOCUMENTS\UNILAG\300L\1ST\CPE 311_C++\myFolder\3_Functions\3_Functions\Debug\link.command.1.tlog
C:\Users\USER\Desktop\DAREY\DOCUMENTS\UNILAG\300L\1ST\CPE 311_C++\myFolder\3_Functions\3_Functions\Debug\link.read.1.tlog
C:\Users\USER\Desktop\DAREY\DOCUMENTS\UNILAG\300L\1ST\CPE 311_C++\myFolder\3_Functions\3_Functions\Debug\link.write.1.tlog
C:\Users\USER\Desktop\DAREY\DOCUMENTS\UNILAG\300L\1ST\CPE 311_C++\myFolder\3_Functions\3_Functions\Debug\vc110.idb
C:\Users\USER\Desktop\DAREY\DOCUMENTS\UNILAG\300L\1ST\CPE 311_C++\myFolder\3_Functions\3_Functions\Debug\vc110.pdb
C:\Users\USER\Desktop\DAREY\DOCUMENTS\UNILAG\300L\1ST\CPE 311_C++\myFolder\3_Functions\Debug\3_Functions.pdb
C:\Users\USER\Desktop\DAREY\DOCUMENTS\UNILAG\300L\1ST\CPE 311_C++\myFolder\3_Functions\Debug\3_Functions.exe
C:\Users\USER\Desktop\DAREY\DOCUMENTS\UNILAG\300L\1ST\CPE 311_C++\myFolder\3_Functions\Debug\3_Functions.ilk
